                                                                                                QUERY PLAN                                                                                                 
-----------------------------------------------------------------------------------------------------------------------------------------------------------------------------------------------------------
 [                                                                                                                                                                                                        +
   {                                                                                                                                                                                                      +
     "Plan": {                                                                                                                                                                                            +
       "Node Type": "Sort",                                                                                                                                                                               +
       "Parallel Aware": false,                                                                                                                                                                           +
       "Async Capable": false,                                                                                                                                                                            +
       "Startup Cost": 1798.52,                                                                                                                                                                           +
       "Total Cost": 1799.32,                                                                                                                                                                             +
       "Plan Rows": 320,                                                                                                                                                                                  +
       "Plan Width": 36,                                                                                                                                                                                  +
       "Output": ["partsupp.ps_partkey", "(sum((partsupp.ps_supplycost * (partsupp.ps_availqty)::numeric)))"],                                                                                            +
       "Sort Key": ["(sum((partsupp.ps_supplycost * (partsupp.ps_availqty)::numeric))) DESC"],                                                                                                            +
       "Plans": [                                                                                                                                                                                         +
         {                                                                                                                                                                                                +
           "Node Type": "Aggregate",                                                                                                                                                                      +
           "Strategy": "Plain",                                                                                                                                                                           +
           "Partial Mode": "Simple",                                                                                                                                                                      +
           "Parent Relationship": "InitPlan",                                                                                                                                                             +
           "Subplan Name": "InitPlan 1 (returns $0)",                                                                                                                                                     +
           "Parallel Aware": false,                                                                                                                                                                       +
           "Async Capable": false,                                                                                                                                                                        +
           "Startup Cost": 884.20,                                                                                                                                                                        +
           "Total Cost": 884.21,                                                                                                                                                                          +
           "Plan Rows": 1,                                                                                                                                                                                +
           "Plan Width": 32,                                                                                                                                                                              +
           "Output": ["(sum((partsupp_1.ps_supplycost * (partsupp_1.ps_availqty)::numeric)) * 0.0001000000)"],                                                                                            +
           "Plans": [                                                                                                                                                                                     +
             {                                                                                                                                                                                            +
               "Node Type": "Hash Join",                                                                                                                                                                  +
               "Parent Relationship": "Outer",                                                                                                                                                            +
               "Parallel Aware": false,                                                                                                                                                                   +
               "Async Capable": false,                                                                                                                                                                    +
               "Join Type": "Inner",                                                                                                                                                                      +
               "Startup Cost": 12.40,                                                                                                                                                                     +
               "Total Cost": 877.00,                                                                                                                                                                      +
               "Plan Rows": 960,                                                                                                                                                                          +
               "Plan Width": 10,                                                                                                                                                                          +
               "Output": ["partsupp_1.ps_supplycost", "partsupp_1.ps_availqty"],                                                                                                                          +
               "Inner Unique": false,                                                                                                                                                                     +
               "Hash Cond": "(partsupp_1.ps_suppkey = supplier_1.s_suppkey)",                                                                                                                             +
               "Plans": [                                                                                                                                                                                 +
                 {                                                                                                                                                                                        +
                   "Node Type": "Seq Scan",                                                                                                                                                               +
                   "Parent Relationship": "Outer",                                                                                                                                                        +
                   "Parallel Aware": false,                                                                                                                                                               +
                   "Async Capable": false,                                                                                                                                                                +
                   "Relation Name": "partsupp",                                                                                                                                                           +
                   "Schema": "public",                                                                                                                                                                    +
                   "Alias": "partsupp_1",                                                                                                                                                                 +
                   "Startup Cost": 0.00,                                                                                                                                                                  +
                   "Total Cost": 765.00,                                                                                                                                                                  +
                   "Plan Rows": 24000,                                                                                                                                                                    +
                   "Plan Width": 14,                                                                                                                                                                      +
                   "Output": ["partsupp_1.ps_partkey", "partsupp_1.ps_suppkey", "partsupp_1.ps_availqty", "partsupp_1.ps_supplycost", "partsupp_1.ps_comment"]                                            +
                 },                                                                                                                                                                                       +
                 {                                                                                                                                                                                        +
                   "Node Type": "Hash",                                                                                                                                                                   +
                   "Parent Relationship": "Inner",                                                                                                                                                        +
                   "Parallel Aware": false,                                                                                                                                                               +
                   "Async Capable": false,                                                                                                                                                                +
                   "Startup Cost": 12.25,                                                                                                                                                                 +
                   "Total Cost": 12.25,                                                                                                                                                                   +
                   "Plan Rows": 12,                                                                                                                                                                       +
                   "Plan Width": 4,                                                                                                                                                                       +
                   "Output": ["supplier_1.s_suppkey"],                                                                                                                                                    +
                   "Plans": [                                                                                                                                                                             +
                     {                                                                                                                                                                                    +
                       "Node Type": "Hash Join",                                                                                                                                                          +
                       "Parent Relationship": "Outer",                                                                                                                                                    +
                       "Parallel Aware": false,                                                                                                                                                           +
                       "Async Capable": false,                                                                                                                                                            +
                       "Join Type": "Inner",                                                                                                                                                              +
                       "Startup Cost": 1.32,                                                                                                                                                              +
                       "Total Cost": 12.25,                                                                                                                                                               +
                       "Plan Rows": 12,                                                                                                                                                                   +
                       "Plan Width": 4,                                                                                                                                                                   +
                       "Output": ["supplier_1.s_suppkey"],                                                                                                                                                +
                       "Inner Unique": true,                                                                                                                                                              +
                       "Hash Cond": "(supplier_1.s_nationkey = nation_1.n_nationkey)",                                                                                                                    +
                       "Plans": [                                                                                                                                                                         +
                         {                                                                                                                                                                                +
                           "Node Type": "Seq Scan",                                                                                                                                                       +
                           "Parent Relationship": "Outer",                                                                                                                                                +
                           "Parallel Aware": false,                                                                                                                                                       +
                           "Async Capable": false,                                                                                                                                                        +
                           "Relation Name": "supplier",                                                                                                                                                   +
                           "Schema": "public",                                                                                                                                                            +
                           "Alias": "supplier_1",                                                                                                                                                         +
                           "Startup Cost": 0.00,                                                                                                                                                          +
                           "Total Cost": 10.00,                                                                                                                                                           +
                           "Plan Rows": 300,                                                                                                                                                              +
                           "Plan Width": 8,                                                                                                                                                               +
                           "Output": ["supplier_1.s_suppkey", "supplier_1.s_name", "supplier_1.s_address", "supplier_1.s_nationkey", "supplier_1.s_phone", "supplier_1.s_acctbal", "supplier_1.s_comment"]+
                         },                                                                                                                                                                               +
                         {                                                                                                                                                                                +
                           "Node Type": "Hash",                                                                                                                                                           +
                           "Parent Relationship": "Inner",                                                                                                                                                +
                           "Parallel Aware": false,                                                                                                                                                       +
                           "Async Capable": false,                                                                                                                                                        +
                           "Startup Cost": 1.31,                                                                                                                                                          +
                           "Total Cost": 1.31,                                                                                                                                                            +
                           "Plan Rows": 1,                                                                                                                                                                +
                           "Plan Width": 4,                                                                                                                                                               +
                           "Output": ["nation_1.n_nationkey"],                                                                                                                                            +
                           "Plans": [                                                                                                                                                                     +
                             {                                                                                                                                                                            +
                               "Node Type": "Seq Scan",                                                                                                                                                   +
                               "Parent Relationship": "Outer",                                                                                                                                            +
                               "Parallel Aware": false,                                                                                                                                                   +
                               "Async Capable": false,                                                                                                                                                    +
                               "Relation Name": "nation",                                                                                                                                                 +
                               "Schema": "public",                                                                                                                                                        +
                               "Alias": "nation_1",                                                                                                                                                       +
                               "Startup Cost": 0.00,                                                                                                                                                      +
                               "Total Cost": 1.31,                                                                                                                                                        +
                               "Plan Rows": 1,                                                                                                                                                            +
                               "Plan Width": 4,                                                                                                                                                           +
                               "Output": ["nation_1.n_nationkey"],                                                                                                                                        +
                               "Filter": "(nation_1.n_name = 'MOZAMBIQUE'::bpchar)"                                                                                                                       +
                             }                                                                                                                                                                            +
                           ]                                                                                                                                                                              +
                         }                                                                                                                                                                                +
                       ]                                                                                                                                                                                  +
                     }                                                                                                                                                                                    +
                   ]                                                                                                                                                                                      +
                 }                                                                                                                                                                                        +
               ]                                                                                                                                                                                          +
             }                                                                                                                                                                                            +
           ]                                                                                                                                                                                              +
         },                                                                                                                                                                                               +
         {                                                                                                                                                                                                +
           "Node Type": "Aggregate",                                                                                                                                                                      +
           "Strategy": "Hashed",                                                                                                                                                                          +
           "Partial Mode": "Simple",                                                                                                                                                                      +
           "Parent Relationship": "Outer",                                                                                                                                                                +
           "Parallel Aware": false,                                                                                                                                                                       +
           "Async Capable": false,                                                                                                                                                                        +
           "Startup Cost": 886.60,                                                                                                                                                                        +
           "Total Cost": 901.00,                                                                                                                                                                          +
           "Plan Rows": 320,                                                                                                                                                                              +
           "Plan Width": 36,                                                                                                                                                                              +
           "Output": ["partsupp.ps_partkey", "sum((partsupp.ps_supplycost * (partsupp.ps_availqty)::numeric))"],                                                                                          +
           "Group Key": ["partsupp.ps_partkey"],                                                                                                                                                          +
           "Filter": "(sum((partsupp.ps_supplycost * (partsupp.ps_availqty)::numeric)) > $0)",                                                                                                            +
           "Planned Partitions": 0,                                                                                                                                                                       +
           "Plans": [                                                                                                                                                                                     +
             {                                                                                                                                                                                            +
               "Node Type": "Hash Join",                                                                                                                                                                  +
               "Parent Relationship": "Outer",                                                                                                                                                            +
               "Parallel Aware": false,                                                                                                                                                                   +
               "Async Capable": false,                                                                                                                                                                    +
               "Join Type": "Inner",                                                                                                                                                                      +
               "Startup Cost": 12.40,                                                                                                                                                                     +
               "Total Cost": 877.00,                                                                                                                                                                      +
               "Plan Rows": 960,                                                                                                                                                                          +
               "Plan Width": 14,                                                                                                                                                                          +
               "Output": ["partsupp.ps_partkey", "partsupp.ps_supplycost", "partsupp.ps_availqty"],                                                                                                       +
               "Inner Unique": false,                                                                                                                                                                     +
               "Hash Cond": "(partsupp.ps_suppkey = supplier.s_suppkey)",                                                                                                                                 +
               "Plans": [                                                                                                                                                                                 +
                 {                                                                                                                                                                                        +
                   "Node Type": "Seq Scan",                                                                                                                                                               +
                   "Parent Relationship": "Outer",                                                                                                                                                        +
                   "Parallel Aware": false,                                                                                                                                                               +
                   "Async Capable": false,                                                                                                                                                                +
                   "Relation Name": "partsupp",                                                                                                                                                           +
                   "Schema": "public",                                                                                                                                                                    +
                   "Alias": "partsupp",                                                                                                                                                                   +
                   "Startup Cost": 0.00,                                                                                                                                                                  +
                   "Total Cost": 765.00,                                                                                                                                                                  +
                   "Plan Rows": 24000,                                                                                                                                                                    +
                   "Plan Width": 18,                                                                                                                                                                      +
                   "Output": ["partsupp.ps_partkey", "partsupp.ps_suppkey", "partsupp.ps_availqty", "partsupp.ps_supplycost", "partsupp.ps_comment"]                                                      +
                 },                                                                                                                                                                                       +
                 {                                                                                                                                                                                        +
                   "Node Type": "Hash",                                                                                                                                                                   +
                   "Parent Relationship": "Inner",                                                                                                                                                        +
                   "Parallel Aware": false,                                                                                                                                                               +
                   "Async Capable": false,                                                                                                                                                                +
                   "Startup Cost": 12.25,                                                                                                                                                                 +
                   "Total Cost": 12.25,                                                                                                                                                                   +
                   "Plan Rows": 12,                                                                                                                                                                       +
                   "Plan Width": 4,                                                                                                                                                                       +
                   "Output": ["supplier.s_suppkey"],                                                                                                                                                      +
                   "Plans": [                                                                                                                                                                             +
                     {                                                                                                                                                                                    +
                       "Node Type": "Hash Join",                                                                                                                                                          +
                       "Parent Relationship": "Outer",                                                                                                                                                    +
                       "Parallel Aware": false,                                                                                                                                                           +
                       "Async Capable": false,                                                                                                                                                            +
                       "Join Type": "Inner",                                                                                                                                                              +
                       "Startup Cost": 1.32,                                                                                                                                                              +
                       "Total Cost": 12.25,                                                                                                                                                               +
                       "Plan Rows": 12,                                                                                                                                                                   +
                       "Plan Width": 4,                                                                                                                                                                   +
                       "Output": ["supplier.s_suppkey"],                                                                                                                                                  +
                       "Inner Unique": true,                                                                                                                                                              +
                       "Hash Cond": "(supplier.s_nationkey = nation.n_nationkey)",                                                                                                                        +
                       "Plans": [                                                                                                                                                                         +
                         {                                                                                                                                                                                +
                           "Node Type": "Seq Scan",                                                                                                                                                       +
                           "Parent Relationship": "Outer",                                                                                                                                                +
                           "Parallel Aware": false,                                                                                                                                                       +
                           "Async Capable": false,                                                                                                                                                        +
                           "Relation Name": "supplier",                                                                                                                                                   +
                           "Schema": "public",                                                                                                                                                            +
                           "Alias": "supplier",                                                                                                                                                           +
                           "Startup Cost": 0.00,                                                                                                                                                          +
                           "Total Cost": 10.00,                                                                                                                                                           +
                           "Plan Rows": 300,                                                                                                                                                              +
                           "Plan Width": 8,                                                                                                                                                               +
                           "Output": ["supplier.s_suppkey", "supplier.s_name", "supplier.s_address", "supplier.s_nationkey", "supplier.s_phone", "supplier.s_acctbal", "supplier.s_comment"]              +
                         },                                                                                                                                                                               +
                         {                                                                                                                                                                                +
                           "Node Type": "Hash",                                                                                                                                                           +
                           "Parent Relationship": "Inner",                                                                                                                                                +
                           "Parallel Aware": false,                                                                                                                                                       +
                           "Async Capable": false,                                                                                                                                                        +
                           "Startup Cost": 1.31,                                                                                                                                                          +
                           "Total Cost": 1.31,                                                                                                                                                            +
                           "Plan Rows": 1,                                                                                                                                                                +
                           "Plan Width": 4,                                                                                                                                                               +
                           "Output": ["nation.n_nationkey"],                                                                                                                                              +
                           "Plans": [                                                                                                                                                                     +
                             {                                                                                                                                                                            +
                               "Node Type": "Seq Scan",                                                                                                                                                   +
                               "Parent Relationship": "Outer",                                                                                                                                            +
                               "Parallel Aware": false,                                                                                                                                                   +
                               "Async Capable": false,                                                                                                                                                    +
                               "Relation Name": "nation",                                                                                                                                                 +
                               "Schema": "public",                                                                                                                                                        +
                               "Alias": "nation",                                                                                                                                                         +
                               "Startup Cost": 0.00,                                                                                                                                                      +
                               "Total Cost": 1.31,                                                                                                                                                        +
                               "Plan Rows": 1,                                                                                                                                                            +
                               "Plan Width": 4,                                                                                                                                                           +
                               "Output": ["nation.n_nationkey"],                                                                                                                                          +
                               "Filter": "(nation.n_name = 'MOZAMBIQUE'::bpchar)"                                                                                                                         +
                             }                                                                                                                                                                            +
                           ]                                                                                                                                                                              +
                         }                                                                                                                                                                                +
                       ]                                                                                                                                                                                  +
                     }                                                                                                                                                                                    +
                   ]                                                                                                                                                                                      +
                 }                                                                                                                                                                                        +
               ]                                                                                                                                                                                          +
             }                                                                                                                                                                                            +
           ]                                                                                                                                                                                              +
         }                                                                                                                                                                                                +
       ]                                                                                                                                                                                                  +
     },                                                                                                                                                                                                   +
     "Planning Time": 0.669                                                                                                                                                                               +
   }                                                                                                                                                                                                      +
 ]
(1 row)

