                                                                                                                QUERY PLAN                                                                                                                
------------------------------------------------------------------------------------------------------------------------------------------------------------------------------------------------------------------------------------------
 [                                                                                                                                                                                                                                       +
   {                                                                                                                                                                                                                                     +
     "Plan": {                                                                                                                                                                                                                           +
       "Node Type": "Sort",                                                                                                                                                                                                              +
       "Parallel Aware": false,                                                                                                                                                                                                          +
       "Async Capable": false,                                                                                                                                                                                                           +
       "Startup Cost": 1992.44,                                                                                                                                                                                                          +
       "Total Cost": 1992.94,                                                                                                                                                                                                            +
       "Plan Rows": 200,                                                                                                                                                                                                                 +
       "Plan Width": 16,                                                                                                                                                                                                                 +
       "Output": ["(count(orders.o_orderkey))", "(count(*))"],                                                                                                                                                                           +
       "Sort Key": ["(count(*)) DESC", "(count(orders.o_orderkey)) DESC"],                                                                                                                                                               +
       "Plans": [                                                                                                                                                                                                                        +
         {                                                                                                                                                                                                                               +
           "Node Type": "Aggregate",                                                                                                                                                                                                     +
           "Strategy": "Hashed",                                                                                                                                                                                                         +
           "Partial Mode": "Simple",                                                                                                                                                                                                     +
           "Parent Relationship": "Outer",                                                                                                                                                                                               +
           "Parallel Aware": false,                                                                                                                                                                                                      +
           "Async Capable": false,                                                                                                                                                                                                       +
           "Startup Cost": 1982.80,                                                                                                                                                                                                      +
           "Total Cost": 1984.80,                                                                                                                                                                                                        +
           "Plan Rows": 200,                                                                                                                                                                                                             +
           "Plan Width": 16,                                                                                                                                                                                                             +
           "Output": ["(count(orders.o_orderkey))", "count(*)"],                                                                                                                                                                         +
           "Group Key": ["count(orders.o_orderkey)"],                                                                                                                                                                                    +
           "Planned Partitions": 0,                                                                                                                                                                                                      +
           "Plans": [                                                                                                                                                                                                                    +
             {                                                                                                                                                                                                                           +
               "Node Type": "Aggregate",                                                                                                                                                                                                 +
               "Strategy": "Hashed",                                                                                                                                                                                                     +
               "Partial Mode": "Simple",                                                                                                                                                                                                 +
               "Parent Relationship": "Outer",                                                                                                                                                                                           +
               "Parallel Aware": false,                                                                                                                                                                                                  +
               "Async Capable": false,                                                                                                                                                                                                   +
               "Startup Cost": 1870.30,                                                                                                                                                                                                  +
               "Total Cost": 1915.30,                                                                                                                                                                                                    +
               "Plan Rows": 4500,                                                                                                                                                                                                        +
               "Plan Width": 12,                                                                                                                                                                                                         +
               "Output": ["customer.c_custkey", "count(orders.o_orderkey)"],                                                                                                                                                             +
               "Group Key": ["customer.c_custkey"],                                                                                                                                                                                      +
               "Planned Partitions": 0,                                                                                                                                                                                                  +
               "Plans": [                                                                                                                                                                                                                +
                 {                                                                                                                                                                                                                       +
                   "Node Type": "Hash Join",                                                                                                                                                                                             +
                   "Parent Relationship": "Outer",                                                                                                                                                                                       +
                   "Parallel Aware": false,                                                                                                                                                                                              +
                   "Async Capable": false,                                                                                                                                                                                               +
                   "Join Type": "Right",                                                                                                                                                                                                 +
                   "Startup Cost": 184.03,                                                                                                                                                                                               +
                   "Total Cost": 1647.57,                                                                                                                                                                                                +
                   "Plan Rows": 44545,                                                                                                                                                                                                   +
                   "Plan Width": 8,                                                                                                                                                                                                      +
                   "Output": ["customer.c_custkey", "orders.o_orderkey"],                                                                                                                                                                +
                   "Inner Unique": true,                                                                                                                                                                                                 +
                   "Hash Cond": "(orders.o_custkey = customer.c_custkey)",                                                                                                                                                               +
                   "Plans": [                                                                                                                                                                                                            +
                     {                                                                                                                                                                                                                   +
                       "Node Type": "Seq Scan",                                                                                                                                                                                          +
                       "Parent Relationship": "Outer",                                                                                                                                                                                   +
                       "Parallel Aware": false,                                                                                                                                                                                          +
                       "Async Capable": false,                                                                                                                                                                                           +
                       "Relation Name": "orders",                                                                                                                                                                                        +
                       "Schema": "public",                                                                                                                                                                                               +
                       "Alias": "orders",                                                                                                                                                                                                +
                       "Startup Cost": 0.00,                                                                                                                                                                                             +
                       "Total Cost": 1346.50,                                                                                                                                                                                            +
                       "Plan Rows": 44545,                                                                                                                                                                                               +
                       "Plan Width": 8,                                                                                                                                                                                                  +
                       "Output": ["orders.o_orderkey", "orders.o_custkey", "orders.o_orderstatus", "orders.o_totalprice", "orders.o_orderdate", "orders.o_orderpriority", "orders.o_clerk", "orders.o_shippriority", "orders.o_comment"],+
                       "Filter": "((orders.o_comment)::text !~~ '%pending%deposits%'::text)"                                                                                                                                             +
                     },                                                                                                                                                                                                                  +
                     {                                                                                                                                                                                                                   +
                       "Node Type": "Hash",                                                                                                                                                                                              +
                       "Parent Relationship": "Inner",                                                                                                                                                                                   +
                       "Parallel Aware": false,                                                                                                                                                                                          +
                       "Async Capable": false,                                                                                                                                                                                           +
                       "Startup Cost": 127.78,                                                                                                                                                                                           +
                       "Total Cost": 127.78,                                                                                                                                                                                             +
                       "Plan Rows": 4500,                                                                                                                                                                                                +
                       "Plan Width": 4,                                                                                                                                                                                                  +
                       "Output": ["customer.c_custkey"],                                                                                                                                                                                 +
                       "Plans": [                                                                                                                                                                                                        +
                         {                                                                                                                                                                                                               +
                           "Node Type": "Index Only Scan",                                                                                                                                                                               +
                           "Parent Relationship": "Outer",                                                                                                                                                                               +
                           "Parallel Aware": false,                                                                                                                                                                                      +
                           "Async Capable": false,                                                                                                                                                                                       +
                           "Scan Direction": "Forward",                                                                                                                                                                                  +
                           "Index Name": "customer_pkey",                                                                                                                                                                                +
                           "Relation Name": "customer",                                                                                                                                                                                  +
                           "Schema": "public",                                                                                                                                                                                           +
                           "Alias": "customer",                                                                                                                                                                                          +
                           "Startup Cost": 0.28,                                                                                                                                                                                         +
                           "Total Cost": 127.78,                                                                                                                                                                                         +
                           "Plan Rows": 4500,                                                                                                                                                                                            +
                           "Plan Width": 4,                                                                                                                                                                                              +
                           "Output": ["customer.c_custkey"]                                                                                                                                                                              +
                         }                                                                                                                                                                                                               +
                       ]                                                                                                                                                                                                                 +
                     }                                                                                                                                                                                                                   +
                   ]                                                                                                                                                                                                                     +
                 }                                                                                                                                                                                                                       +
               ]                                                                                                                                                                                                                         +
             }                                                                                                                                                                                                                           +
           ]                                                                                                                                                                                                                             +
         }                                                                                                                                                                                                                               +
       ]                                                                                                                                                                                                                                 +
     },                                                                                                                                                                                                                                  +
     "Planning Time": 0.740                                                                                                                                                                                                              +
   }                                                                                                                                                                                                                                     +
 ]
(1 row)

