EXPLAIN
{\n  "query_block": {\n    "select_id": 1,\n    "cost_info": {\n      "query_cost": "40124.19"\n    },\n    "nested_loop": [\n      {\n        "table": {\n          "table_name": "LINEITEM",\n          "access_type": "ALL",\n          "possible_keys": [\n            "LINEITEM_FK2"\n          ],\n          "rows_examined_per_scan": 178666,\n          "rows_produced_per_join": 19847,\n          "filtered": "11.11",\n          "cost_info": {\n            "read_cost": "16306.82",\n            "eval_cost": "1984.78",\n            "prefix_cost": "18291.60",\n            "data_read_per_join": "7M"\n          },\n          "used_columns": [\n            "L_PARTKEY",\n            "L_EXTENDEDPRICE",\n            "L_DISCOUNT",\n            "L_SHIPDATE"\n          ],\n          "attached_condition": "((`tpch`.`LINEITEM`.`L_SHIPDATE` >= DATE'1996-12-01') and (`tpch`.`LINEITEM`.`L_SHIPDATE` < <cache>((DATE'1996-12-01' + interval '1' month))))"\n        }\n      },\n      {\n        "table": {\n          "table_name": "PART",\n          "access_type": "eq_ref",\n          "possible_keys": [\n            "PRIMARY"\n          ],\n          "key": "PRIMARY",\n          "used_key_parts": [\n            "P_PARTKEY"\n          ],\n          "key_length": "4",\n          "ref": [\n            "tpch.LINEITEM.L_PARTKEY"\n          ],\n          "rows_examined_per_scan": 1,\n          "rows_produced_per_join": 19847,\n          "filtered": "100.00",\n          "cost_info": {\n            "read_cost": "19847.81",\n            "eval_cost": "1984.78",\n            "prefix_cost": "40124.19",\n            "data_read_per_join": "11M"\n          },\n          "used_columns": [\n            "P_PARTKEY",\n            "P_TYPE"\n          ]\n        }\n      }\n    ]\n  }\n}
