EXPLAIN
{\n  "query_block": {\n    "select_id": 1,\n    "cost_info": {\n      "query_cost": "4990.03"\n    },\n    "ordering_operation": {\n      "using_temporary_table": true,\n      "using_filesort": true,\n      "grouping_operation": {\n        "using_filesort": true,\n        "nested_loop": [\n          {\n            "table": {\n              "table_name": "PART",\n              "access_type": "ALL",\n              "possible_keys": [\n                "PRIMARY"\n              ],\n              "rows_examined_per_scan": 5946,\n              "rows_produced_per_join": 2378,\n              "filtered": "40.00",\n              "cost_info": {\n                "read_cost": "453.76",\n                "eval_cost": "237.84",\n                "prefix_cost": "691.60",\n                "data_read_per_join": "1M"\n              },\n              "used_columns": [\n                "P_PARTKEY",\n                "P_BRAND",\n                "P_TYPE",\n                "P_SIZE"\n              ],\n              "attached_condition": "((`tpch`.`PART`.`P_BRAND` <> 'Brand#34') and (not((`tpch`.`PART`.`P_TYPE` like 'LARGE BRUSHED%'))) and (`tpch`.`PART`.`P_SIZE` in (48,19,12,4,41,7,21,39)))"\n            }\n          },\n          {\n            "table": {\n              "table_name": "PARTSUPP",\n              "access_type": "ref",\n              "possible_keys": [\n                "PRIMARY"\n              ],\n              "key": "PRIMARY",\n              "used_key_parts": [\n                "PS_PARTKEY"\n              ],\n              "key_length": "4",\n              "ref": [\n                "tpch.PART.P_PARTKEY"\n              ],\n              "rows_examined_per_scan": 3,\n              "rows_produced_per_join": 9203,\n              "filtered": "100.00",\n              "using_index": true,\n              "cost_info": {\n                "read_cost": "2391.73",\n                "eval_cost": "920.35",\n                "prefix_cost": "4003.68",\n                "data_read_per_join": "7M"\n              },\n              "used_columns": [\n                "PS_PARTKEY",\n                "PS_SUPPKEY"\n              ]\n            }\n          },\n          {\n            "table": {\n              "table_name": "<subquery2>",\n              "access_type": "eq_ref",\n              "key": "<auto_distinct_key>",\n              "key_length": "5",\n              "ref": [\n                "tpch.PARTSUPP.PS_SUPPKEY"\n              ],\n              "rows_examined_per_scan": 1,\n              "not_exists": true,\n              "attached_condition": "<if>(is_not_null_compl(<subquery2>), <if>(found_match(<subquery2>), false, true), true)",\n              "materialized_from_subquery": {\n                "using_temporary_table": true,\n                "query_block": {\n                  "table": {\n                    "table_name": "SUPPLIER",\n                    "access_type": "ALL",\n                    "possible_keys": [\n                      "PRIMARY"\n                    ],\n                    "rows_examined_per_scan": 300,\n                    "rows_produced_per_join": 300,\n                    "filtered": "100.00",\n                    "cost_info": {\n                      "read_cost": "5.00",\n                      "eval_cost": "30.00",\n                      "prefix_cost": "35.00",\n                      "data_read_per_join": "217K"\n                    },\n                    "used_columns": [\n                      "S_SUPPKEY",\n                      "S_COMMENT"\n                    ],\n                    "attached_condition": "(`tpch`.`SUPPLIER`.`S_COMMENT` like '%Customer%Complaints%')"\n                  }\n                }\n              }\n            }\n          }\n        ]\n      }\n    }\n  }\n}
