                                                                                                    QUERY PLAN                                                                                                     
-------------------------------------------------------------------------------------------------------------------------------------------------------------------------------------------------------------------
 [                                                                                                                                                                                                                +
   {                                                                                                                                                                                                              +
     "Plan": {                                                                                                                                                                                                    +
       "Node Type": "Limit",                                                                                                                                                                                      +
       "Parallel Aware": false,                                                                                                                                                                                   +
       "Async Capable": false,                                                                                                                                                                                    +
       "Startup Cost": 1493.20,                                                                                                                                                                                   +
       "Total Cost": 1493.20,                                                                                                                                                                                     +
       "Plan Rows": 1,                                                                                                                                                                                            +
       "Plan Width": 269,                                                                                                                                                                                         +
       "Output": ["supplier.s_acctbal", "supplier.s_name", "nation.n_name", "part.p_partkey", "part.p_mfgr", "supplier.s_address", "supplier.s_phone", "supplier.s_comment"],                                     +
       "Plans": [                                                                                                                                                                                                 +
         {                                                                                                                                                                                                        +
           "Node Type": "Sort",                                                                                                                                                                                   +
           "Parent Relationship": "Outer",                                                                                                                                                                        +
           "Parallel Aware": false,                                                                                                                                                                               +
           "Async Capable": false,                                                                                                                                                                                +
           "Startup Cost": 1493.20,                                                                                                                                                                               +
           "Total Cost": 1493.20,                                                                                                                                                                                 +
           "Plan Rows": 1,                                                                                                                                                                                        +
           "Plan Width": 269,                                                                                                                                                                                     +
           "Output": ["supplier.s_acctbal", "supplier.s_name", "nation.n_name", "part.p_partkey", "part.p_mfgr", "supplier.s_address", "supplier.s_phone", "supplier.s_comment"],                                 +
           "Sort Key": ["supplier.s_acctbal DESC", "nation.n_name", "supplier.s_name", "part.p_partkey"],                                                                                                         +
           "Plans": [                                                                                                                                                                                             +
             {                                                                                                                                                                                                    +
               "Node Type": "Hash Join",                                                                                                                                                                          +
               "Parent Relationship": "Outer",                                                                                                                                                                    +
               "Parallel Aware": false,                                                                                                                                                                           +
               "Async Capable": false,                                                                                                                                                                            +
               "Join Type": "Inner",                                                                                                                                                                              +
               "Startup Cost": 989.94,                                                                                                                                                                            +
               "Total Cost": 1493.19,                                                                                                                                                                             +
               "Plan Rows": 1,                                                                                                                                                                                    +
               "Plan Width": 269,                                                                                                                                                                                 +
               "Output": ["supplier.s_acctbal", "supplier.s_name", "nation.n_name", "part.p_partkey", "part.p_mfgr", "supplier.s_address", "supplier.s_phone", "supplier.s_comment"],                             +
               "Inner Unique": false,                                                                                                                                                                             +
               "Hash Cond": "((part.p_partkey = partsupp.ps_partkey) AND ((SubPlan 1) = partsupp.ps_supplycost))",                                                                                                +
               "Plans": [                                                                                                                                                                                         +
                 {                                                                                                                                                                                                +
                   "Node Type": "Seq Scan",                                                                                                                                                                       +
                   "Parent Relationship": "Outer",                                                                                                                                                                +
                   "Parallel Aware": false,                                                                                                                                                                       +
                   "Async Capable": false,                                                                                                                                                                        +
                   "Relation Name": "part",                                                                                                                                                                       +
                   "Schema": "public",                                                                                                                                                                            +
                   "Alias": "part",                                                                                                                                                                               +
                   "Startup Cost": 0.00,                                                                                                                                                                          +
                   "Total Cost": 213.00,                                                                                                                                                                          +
                   "Plan Rows": 22,                                                                                                                                                                               +
                   "Plan Width": 30,                                                                                                                                                                              +
                   "Output": ["part.p_partkey", "part.p_name", "part.p_mfgr", "part.p_brand", "part.p_type", "part.p_size", "part.p_container", "part.p_retailprice", "part.p_comment"],                          +
                   "Filter": "(((part.p_type)::text ~~ '%STEEL'::text) AND (part.p_size = 30))"                                                                                                                   +
                 },                                                                                                                                                                                               +
                 {                                                                                                                                                                                                +
                   "Node Type": "Hash",                                                                                                                                                                           +
                   "Parent Relationship": "Inner",                                                                                                                                                                +
                   "Parallel Aware": false,                                                                                                                                                                       +
                   "Async Capable": false,                                                                                                                                                                        +
                   "Startup Cost": 917.94,                                                                                                                                                                        +
                   "Total Cost": 917.94,                                                                                                                                                                          +
                   "Plan Rows": 4800,                                                                                                                                                                             +
                   "Plan Width": 249,                                                                                                                                                                             +
                   "Output": ["supplier.s_acctbal", "supplier.s_name", "supplier.s_address", "supplier.s_phone", "supplier.s_comment", "partsupp.ps_partkey", "partsupp.ps_supplycost", "nation.n_name"],         +
                   "Plans": [                                                                                                                                                                                     +
                     {                                                                                                                                                                                            +
                       "Node Type": "Hash Join",                                                                                                                                                                  +
                       "Parent Relationship": "Outer",                                                                                                                                                            +
                       "Parallel Aware": false,                                                                                                                                                                   +
                       "Async Capable": false,                                                                                                                                                                    +
                       "Join Type": "Inner",                                                                                                                                                                      +
                       "Startup Cost": 14.94,                                                                                                                                                                     +
                       "Total Cost": 917.94,                                                                                                                                                                      +
                       "Plan Rows": 4800,                                                                                                                                                                         +
                       "Plan Width": 249,                                                                                                                                                                         +
                       "Output": ["supplier.s_acctbal", "supplier.s_name", "supplier.s_address", "supplier.s_phone", "supplier.s_comment", "partsupp.ps_partkey", "partsupp.ps_supplycost", "nation.n_name"],     +
                       "Inner Unique": false,                                                                                                                                                                     +
                       "Hash Cond": "(partsupp.ps_suppkey = supplier.s_suppkey)",                                                                                                                                 +
                       "Plans": [                                                                                                                                                                                 +
                         {                                                                                                                                                                                        +
                           "Node Type": "Seq Scan",                                                                                                                                                               +
                           "Parent Relationship": "Outer",                                                                                                                                                        +
                           "Parallel Aware": false,                                                                                                                                                               +
                           "Async Capable": false,                                                                                                                                                                +
                           "Relation Name": "partsupp",                                                                                                                                                           +
                           "Schema": "public",                                                                                                                                                                    +
                           "Alias": "partsupp",                                                                                                                                                                   +
                           "Startup Cost": 0.00,                                                                                                                                                                  +
                           "Total Cost": 765.00,                                                                                                                                                                  +
                           "Plan Rows": 24000,                                                                                                                                                                    +
                           "Plan Width": 14,                                                                                                                                                                      +
                           "Output": ["partsupp.ps_partkey", "partsupp.ps_suppkey", "partsupp.ps_availqty", "partsupp.ps_supplycost", "partsupp.ps_comment"]                                                      +
                         },                                                                                                                                                                                       +
                         {                                                                                                                                                                                        +
                           "Node Type": "Hash",                                                                                                                                                                   +
                           "Parent Relationship": "Inner",                                                                                                                                                        +
                           "Parallel Aware": false,                                                                                                                                                               +
                           "Async Capable": false,                                                                                                                                                                +
                           "Startup Cost": 14.19,                                                                                                                                                                 +
                           "Total Cost": 14.19,                                                                                                                                                                   +
                           "Plan Rows": 60,                                                                                                                                                                       +
                           "Plan Width": 243,                                                                                                                                                                     +
                           "Output": ["supplier.s_acctbal", "supplier.s_name", "supplier.s_address", "supplier.s_phone", "supplier.s_comment", "supplier.s_suppkey", "nation.n_name"],                            +
                           "Plans": [                                                                                                                                                                             +
                             {                                                                                                                                                                                    +
                               "Node Type": "Hash Join",                                                                                                                                                          +
                               "Parent Relationship": "Outer",                                                                                                                                                    +
                               "Parallel Aware": false,                                                                                                                                                           +
                               "Async Capable": false,                                                                                                                                                            +
                               "Join Type": "Inner",                                                                                                                                                              +
                               "Startup Cost": 2.46,                                                                                                                                                              +
                               "Total Cost": 14.19,                                                                                                                                                               +
                               "Plan Rows": 60,                                                                                                                                                                   +
                               "Plan Width": 243,                                                                                                                                                                 +
                               "Output": ["supplier.s_acctbal", "supplier.s_name", "supplier.s_address", "supplier.s_phone", "supplier.s_comment", "supplier.s_suppkey", "nation.n_name"],                        +
                               "Inner Unique": false,                                                                                                                                                             +
                               "Hash Cond": "(supplier.s_nationkey = nation.n_nationkey)",                                                                                                                        +
                               "Plans": [                                                                                                                                                                         +
                                 {                                                                                                                                                                                +
                                   "Node Type": "Seq Scan",                                                                                                                                                       +
                                   "Parent Relationship": "Outer",                                                                                                                                                +
                                   "Parallel Aware": false,                                                                                                                                                       +
                                   "Async Capable": false,                                                                                                                                                        +
                                   "Relation Name": "supplier",                                                                                                                                                   +
                                   "Schema": "public",                                                                                                                                                            +
                                   "Alias": "supplier",                                                                                                                                                           +
                                   "Startup Cost": 0.00,                                                                                                                                                          +
                                   "Total Cost": 10.00,                                                                                                                                                           +
                                   "Plan Rows": 300,                                                                                                                                                              +
                                   "Plan Width": 143,                                                                                                                                                             +
                                   "Output": ["supplier.s_suppkey", "supplier.s_name", "supplier.s_address", "supplier.s_nationkey", "supplier.s_phone", "supplier.s_acctbal", "supplier.s_comment"]              +
                                 },                                                                                                                                                                               +
                                 {                                                                                                                                                                                +
                                   "Node Type": "Hash",                                                                                                                                                           +
                                   "Parent Relationship": "Inner",                                                                                                                                                +
                                   "Parallel Aware": false,                                                                                                                                                       +
                                   "Async Capable": false,                                                                                                                                                        +
                                   "Startup Cost": 2.40,                                                                                                                                                          +
                                   "Total Cost": 2.40,                                                                                                                                                            +
                                   "Plan Rows": 5,                                                                                                                                                                +
                                   "Plan Width": 108,                                                                                                                                                             +
                                   "Output": ["nation.n_name", "nation.n_nationkey"],                                                                                                                             +
                                   "Plans": [                                                                                                                                                                     +
                                     {                                                                                                                                                                            +
                                       "Node Type": "Hash Join",                                                                                                                                                  +
                                       "Parent Relationship": "Outer",                                                                                                                                            +
                                       "Parallel Aware": false,                                                                                                                                                   +
                                       "Async Capable": false,                                                                                                                                                    +
                                       "Join Type": "Inner",                                                                                                                                                      +
                                       "Startup Cost": 1.07,                                                                                                                                                      +
                                       "Total Cost": 2.40,                                                                                                                                                        +
                                       "Plan Rows": 5,                                                                                                                                                            +
                                       "Plan Width": 108,                                                                                                                                                         +
                                       "Output": ["nation.n_name", "nation.n_nationkey"],                                                                                                                         +
                                       "Inner Unique": true,                                                                                                                                                      +
                                       "Hash Cond": "(nation.n_regionkey = region.r_regionkey)",                                                                                                                  +
                                       "Plans": [                                                                                                                                                                 +
                                         {                                                                                                                                                                        +
                                           "Node Type": "Seq Scan",                                                                                                                                               +
                                           "Parent Relationship": "Outer",                                                                                                                                        +
                                           "Parallel Aware": false,                                                                                                                                               +
                                           "Async Capable": false,                                                                                                                                                +
                                           "Relation Name": "nation",                                                                                                                                             +
                                           "Schema": "public",                                                                                                                                                    +
                                           "Alias": "nation",                                                                                                                                                     +
                                           "Startup Cost": 0.00,                                                                                                                                                  +
                                           "Total Cost": 1.25,                                                                                                                                                    +
                                           "Plan Rows": 25,                                                                                                                                                       +
                                           "Plan Width": 112,                                                                                                                                                     +
                                           "Output": ["nation.n_nationkey", "nation.n_name", "nation.n_regionkey", "nation.n_comment"]                                                                            +
                                         },                                                                                                                                                                       +
                                         {                                                                                                                                                                        +
                                           "Node Type": "Hash",                                                                                                                                                   +
                                           "Parent Relationship": "Inner",                                                                                                                                        +
                                           "Parallel Aware": false,                                                                                                                                               +
                                           "Async Capable": false,                                                                                                                                                +
                                           "Startup Cost": 1.06,                                                                                                                                                  +
                                           "Total Cost": 1.06,                                                                                                                                                    +
                                           "Plan Rows": 1,                                                                                                                                                        +
                                           "Plan Width": 4,                                                                                                                                                       +
                                           "Output": ["region.r_regionkey"],                                                                                                                                      +
                                           "Plans": [                                                                                                                                                             +
                                             {                                                                                                                                                                    +
                                               "Node Type": "Seq Scan",                                                                                                                                           +
                                               "Parent Relationship": "Outer",                                                                                                                                    +
                                               "Parallel Aware": false,                                                                                                                                           +
                                               "Async Capable": false,                                                                                                                                            +
                                               "Relation Name": "region",                                                                                                                                         +
                                               "Schema": "public",                                                                                                                                                +
                                               "Alias": "region",                                                                                                                                                 +
                                               "Startup Cost": 0.00,                                                                                                                                              +
                                               "Total Cost": 1.06,                                                                                                                                                +
                                               "Plan Rows": 1,                                                                                                                                                    +
                                               "Plan Width": 4,                                                                                                                                                   +
                                               "Output": ["region.r_regionkey"],                                                                                                                                  +
                                               "Filter": "(region.r_name = 'ASIA'::bpchar)"                                                                                                                       +
                                             }                                                                                                                                                                    +
                                           ]                                                                                                                                                                      +
                                         }                                                                                                                                                                        +
                                       ]                                                                                                                                                                          +
                                     }                                                                                                                                                                            +
                                   ]                                                                                                                                                                              +
                                 }                                                                                                                                                                                +
                               ]                                                                                                                                                                                  +
                             }                                                                                                                                                                                    +
                           ]                                                                                                                                                                                      +
                         }                                                                                                                                                                                        +
                       ]                                                                                                                                                                                          +
                     }                                                                                                                                                                                            +
                   ]                                                                                                                                                                                              +
                 },                                                                                                                                                                                               +
                 {                                                                                                                                                                                                +
                   "Node Type": "Aggregate",                                                                                                                                                                      +
                   "Strategy": "Plain",                                                                                                                                                                           +
                   "Partial Mode": "Simple",                                                                                                                                                                      +
                   "Parent Relationship": "SubPlan",                                                                                                                                                              +
                   "Subplan Name": "SubPlan 1",                                                                                                                                                                   +
                   "Parallel Aware": false,                                                                                                                                                                       +
                   "Async Capable": false,                                                                                                                                                                        +
                   "Startup Cost": 26.36,                                                                                                                                                                         +
                   "Total Cost": 26.37,                                                                                                                                                                           +
                   "Plan Rows": 1,                                                                                                                                                                                +
                   "Plan Width": 32,                                                                                                                                                                              +
                   "Output": ["min(partsupp_1.ps_supplycost)"],                                                                                                                                                   +
                   "Plans": [                                                                                                                                                                                     +
                     {                                                                                                                                                                                            +
                       "Node Type": "Nested Loop",                                                                                                                                                                +
                       "Parent Relationship": "Outer",                                                                                                                                                            +
                       "Parallel Aware": false,                                                                                                                                                                   +
                       "Async Capable": false,                                                                                                                                                                    +
                       "Join Type": "Inner",                                                                                                                                                                      +
                       "Startup Cost": 13.80,                                                                                                                                                                     +
                       "Total Cost": 26.36,                                                                                                                                                                       +
                       "Plan Rows": 1,                                                                                                                                                                            +
                       "Plan Width": 6,                                                                                                                                                                           +
                       "Output": ["partsupp_1.ps_supplycost"],                                                                                                                                                    +
                       "Inner Unique": false,                                                                                                                                                                     +
                       "Join Filter": "(nation_1.n_regionkey = region_1.r_regionkey)",                                                                                                                            +
                       "Plans": [                                                                                                                                                                                 +
                         {                                                                                                                                                                                        +
                           "Node Type": "Seq Scan",                                                                                                                                                               +
                           "Parent Relationship": "Outer",                                                                                                                                                        +
                           "Parallel Aware": false,                                                                                                                                                               +
                           "Async Capable": false,                                                                                                                                                                +
                           "Relation Name": "region",                                                                                                                                                             +
                           "Schema": "public",                                                                                                                                                                    +
                           "Alias": "region_1",                                                                                                                                                                   +
                           "Startup Cost": 0.00,                                                                                                                                                                  +
                           "Total Cost": 1.06,                                                                                                                                                                    +
                           "Plan Rows": 1,                                                                                                                                                                        +
                           "Plan Width": 4,                                                                                                                                                                       +
                           "Output": ["region_1.r_regionkey", "region_1.r_name", "region_1.r_comment"],                                                                                                           +
                           "Filter": "(region_1.r_name = 'ASIA'::bpchar)"                                                                                                                                         +
                         },                                                                                                                                                                                       +
                         {                                                                                                                                                                                        +
                           "Node Type": "Nested Loop",                                                                                                                                                            +
                           "Parent Relationship": "Inner",                                                                                                                                                        +
                           "Parallel Aware": false,                                                                                                                                                               +
                           "Async Capable": false,                                                                                                                                                                +
                           "Join Type": "Inner",                                                                                                                                                                  +
                           "Startup Cost": 13.80,                                                                                                                                                                 +
                           "Total Cost": 25.25,                                                                                                                                                                   +
                           "Plan Rows": 4,                                                                                                                                                                        +
                           "Plan Width": 10,                                                                                                                                                                      +
                           "Output": ["partsupp_1.ps_supplycost", "nation_1.n_regionkey"],                                                                                                                        +
                           "Inner Unique": true,                                                                                                                                                                  +
                           "Plans": [                                                                                                                                                                             +
                             {                                                                                                                                                                                    +
                               "Node Type": "Hash Join",                                                                                                                                                          +
                               "Parent Relationship": "Outer",                                                                                                                                                    +
                               "Parallel Aware": false,                                                                                                                                                           +
                               "Async Capable": false,                                                                                                                                                            +
                               "Join Type": "Inner",                                                                                                                                                              +
                               "Startup Cost": 13.66,                                                                                                                                                             +
                               "Total Cost": 24.46,                                                                                                                                                               +
                               "Plan Rows": 4,                                                                                                                                                                    +
                               "Plan Width": 10,                                                                                                                                                                  +
                               "Output": ["partsupp_1.ps_supplycost", "supplier_1.s_nationkey"],                                                                                                                  +
                               "Inner Unique": true,                                                                                                                                                              +
                               "Hash Cond": "(supplier_1.s_suppkey = partsupp_1.ps_suppkey)",                                                                                                                     +
                               "Plans": [                                                                                                                                                                         +
                                 {                                                                                                                                                                                +
                                   "Node Type": "Seq Scan",                                                                                                                                                       +
                                   "Parent Relationship": "Outer",                                                                                                                                                +
                                   "Parallel Aware": false,                                                                                                                                                       +
                                   "Async Capable": false,                                                                                                                                                        +
                                   "Relation Name": "supplier",                                                                                                                                                   +
                                   "Schema": "public",                                                                                                                                                            +
                                   "Alias": "supplier_1",                                                                                                                                                         +
                                   "Startup Cost": 0.00,                                                                                                                                                          +
                                   "Total Cost": 10.00,                                                                                                                                                           +
                                   "Plan Rows": 300,                                                                                                                                                              +
                                   "Plan Width": 8,                                                                                                                                                               +
                                   "Output": ["supplier_1.s_suppkey", "supplier_1.s_name", "supplier_1.s_address", "supplier_1.s_nationkey", "supplier_1.s_phone", "supplier_1.s_acctbal", "supplier_1.s_comment"]+
                                 },                                                                                                                                                                               +
                                 {                                                                                                                                                                                +
                                   "Node Type": "Hash",                                                                                                                                                           +
                                   "Parent Relationship": "Inner",                                                                                                                                                +
                                   "Parallel Aware": false,                                                                                                                                                       +
                                   "Async Capable": false,                                                                                                                                                        +
                                   "Startup Cost": 13.61,                                                                                                                                                         +
                                   "Total Cost": 13.61,                                                                                                                                                           +
                                   "Plan Rows": 4,                                                                                                                                                                +
                                   "Plan Width": 10,                                                                                                                                                              +
                                   "Output": ["partsupp_1.ps_supplycost", "partsupp_1.ps_suppkey"],                                                                                                               +
                                   "Plans": [                                                                                                                                                                     +
                                     {                                                                                                                                                                            +
                                       "Node Type": "Index Scan",                                                                                                                                                 +
                                       "Parent Relationship": "Outer",                                                                                                                                            +
                                       "Parallel Aware": false,                                                                                                                                                   +
                                       "Async Capable": false,                                                                                                                                                    +
                                       "Scan Direction": "Forward",                                                                                                                                               +
                                       "Index Name": "partsupp_pkey",                                                                                                                                             +
                                       "Relation Name": "partsupp",                                                                                                                                               +
                                       "Schema": "public",                                                                                                                                                        +
                                       "Alias": "partsupp_1",                                                                                                                                                     +
                                       "Startup Cost": 0.29,                                                                                                                                                      +
                                       "Total Cost": 13.61,                                                                                                                                                       +
                                       "Plan Rows": 4,                                                                                                                                                            +
                                       "Plan Width": 10,                                                                                                                                                          +
                                       "Output": ["partsupp_1.ps_supplycost", "partsupp_1.ps_suppkey"],                                                                                                           +
                                       "Index Cond": "(partsupp_1.ps_partkey = part.p_partkey)"                                                                                                                   +
                                     }                                                                                                                                                                            +
                                   ]                                                                                                                                                                              +
                                 }                                                                                                                                                                                +
                               ]                                                                                                                                                                                  +
                             },                                                                                                                                                                                   +
                             {                                                                                                                                                                                    +
                               "Node Type": "Index Scan",                                                                                                                                                         +
                               "Parent Relationship": "Inner",                                                                                                                                                    +
                               "Parallel Aware": false,                                                                                                                                                           +
                               "Async Capable": false,                                                                                                                                                            +
                               "Scan Direction": "Forward",                                                                                                                                                       +
                               "Index Name": "nation_pkey",                                                                                                                                                       +
                               "Relation Name": "nation",                                                                                                                                                         +
                               "Schema": "public",                                                                                                                                                                +
                               "Alias": "nation_1",                                                                                                                                                               +
                               "Startup Cost": 0.14,                                                                                                                                                              +
                               "Total Cost": 0.20,                                                                                                                                                                +
                               "Plan Rows": 1,                                                                                                                                                                    +
                               "Plan Width": 8,                                                                                                                                                                   +
                               "Output": ["nation_1.n_nationkey", "nation_1.n_name", "nation_1.n_regionkey", "nation_1.n_comment"],                                                                               +
                               "Index Cond": "(nation_1.n_nationkey = supplier_1.s_nationkey)"                                                                                                                    +
                             }                                                                                                                                                                                    +
                           ]                                                                                                                                                                                      +
                         }                                                                                                                                                                                        +
                       ]                                                                                                                                                                                          +
                     }                                                                                                                                                                                            +
                   ]                                                                                                                                                                                              +
                 }                                                                                                                                                                                                +
               ]                                                                                                                                                                                                  +
             }                                                                                                                                                                                                    +
           ]                                                                                                                                                                                                      +
         }                                                                                                                                                                                                        +
       ]                                                                                                                                                                                                          +
     },                                                                                                                                                                                                           +
     "Planning Time": 21.336                                                                                                                                                                                      +
   }                                                                                                                                                                                                              +
 ]
(1 row)

