                                                                                                        QUERY PLAN                                                                                                         
---------------------------------------------------------------------------------------------------------------------------------------------------------------------------------------------------------------------------
 [                                                                                                                                                                                                                        +
   {                                                                                                                                                                                                                      +
     "Plan": {                                                                                                                                                                                                            +
       "Node Type": "Aggregate",                                                                                                                                                                                          +
       "Strategy": "Sorted",                                                                                                                                                                                              +
       "Partial Mode": "Simple",                                                                                                                                                                                          +
       "Parallel Aware": false,                                                                                                                                                                                           +
       "Async Capable": false,                                                                                                                                                                                            +
       "Startup Cost": 2250.07,                                                                                                                                                                                           +
       "Total Cost": 2250.54,                                                                                                                                                                                             +
       "Plan Rows": 17,                                                                                                                                                                                                   +
       "Plan Width": 72,                                                                                                                                                                                                  +
       "Output": ["(SUBSTRING(customer.c_phone FROM 1 FOR 2))", "count(*)", "sum(customer.c_acctbal)"],                                                                                                                   +
       "Group Key": ["(SUBSTRING(customer.c_phone FROM 1 FOR 2))"],                                                                                                                                                       +
       "Plans": [                                                                                                                                                                                                         +
         {                                                                                                                                                                                                                +
           "Node Type": "Aggregate",                                                                                                                                                                                      +
           "Strategy": "Plain",                                                                                                                                                                                           +
           "Partial Mode": "Simple",                                                                                                                                                                                      +
           "Parent Relationship": "InitPlan",                                                                                                                                                                             +
           "Subplan Name": "InitPlan 1 (returns $0)",                                                                                                                                                                     +
           "Parallel Aware": false,                                                                                                                                                                                       +
           "Async Capable": false,                                                                                                                                                                                        +
           "Startup Cost": 226.48,                                                                                                                                                                                        +
           "Total Cost": 226.49,                                                                                                                                                                                          +
           "Plan Rows": 1,                                                                                                                                                                                                +
           "Plan Width": 32,                                                                                                                                                                                              +
           "Output": ["avg(customer_1.c_acctbal)"],                                                                                                                                                                       +
           "Plans": [                                                                                                                                                                                                     +
             {                                                                                                                                                                                                            +
               "Node Type": "Seq Scan",                                                                                                                                                                                   +
               "Parent Relationship": "Outer",                                                                                                                                                                            +
               "Parallel Aware": false,                                                                                                                                                                                   +
               "Async Capable": false,                                                                                                                                                                                    +
               "Relation Name": "customer",                                                                                                                                                                               +
               "Schema": "public",                                                                                                                                                                                        +
               "Alias": "customer_1",                                                                                                                                                                                     +
               "Startup Cost": 0.00,                                                                                                                                                                                      +
               "Total Cost": 226.12,                                                                                                                                                                                      +
               "Plan Rows": 143,                                                                                                                                                                                          +
               "Plan Width": 6,                                                                                                                                                                                           +
               "Output": ["customer_1.c_custkey", "customer_1.c_name", "customer_1.c_address", "customer_1.c_nationkey", "customer_1.c_phone", "customer_1.c_acctbal", "customer_1.c_mktsegment", "customer_1.c_comment"],+
               "Filter": "((customer_1.c_acctbal > 0.00) AND (SUBSTRING(customer_1.c_phone FROM 1 FOR 2) = ANY ('{20,40,22,30,39,42,21}'::text[])))"                                                                      +
             }                                                                                                                                                                                                            +
           ]                                                                                                                                                                                                              +
         },                                                                                                                                                                                                               +
         {                                                                                                                                                                                                                +
           "Node Type": "Sort",                                                                                                                                                                                           +
           "Parent Relationship": "Outer",                                                                                                                                                                                +
           "Parallel Aware": false,                                                                                                                                                                                       +
           "Async Capable": false,                                                                                                                                                                                        +
           "Startup Cost": 2023.58,                                                                                                                                                                                       +
           "Total Cost": 2023.62,                                                                                                                                                                                         +
           "Plan Rows": 17,                                                                                                                                                                                               +
           "Plan Width": 38,                                                                                                                                                                                              +
           "Output": ["(SUBSTRING(customer.c_phone FROM 1 FOR 2))", "customer.c_acctbal"],                                                                                                                                +
           "Sort Key": ["(SUBSTRING(customer.c_phone FROM 1 FOR 2))"],                                                                                                                                                    +
           "Plans": [                                                                                                                                                                                                     +
             {                                                                                                                                                                                                            +
               "Node Type": "Hash Join",                                                                                                                                                                                  +
               "Parent Relationship": "Outer",                                                                                                                                                                            +
               "Parallel Aware": false,                                                                                                                                                                                   +
               "Async Capable": false,                                                                                                                                                                                    +
               "Join Type": "Anti",                                                                                                                                                                                       +
               "Startup Cost": 1796.50,                                                                                                                                                                                   +
               "Total Cost": 2023.23,                                                                                                                                                                                     +
               "Plan Rows": 17,                                                                                                                                                                                           +
               "Plan Width": 38,                                                                                                                                                                                          +
               "Output": ["SUBSTRING(customer.c_phone FROM 1 FOR 2)", "customer.c_acctbal"],                                                                                                                              +
               "Inner Unique": false,                                                                                                                                                                                     +
               "Hash Cond": "(customer.c_custkey = orders.o_custkey)",                                                                                                                                                    +
               "Plans": [                                                                                                                                                                                                 +
                 {                                                                                                                                                                                                        +
                   "Node Type": "Seq Scan",                                                                                                                                                                               +
                   "Parent Relationship": "Outer",                                                                                                                                                                        +
                   "Parallel Aware": false,                                                                                                                                                                               +
                   "Async Capable": false,                                                                                                                                                                                +
                   "Relation Name": "customer",                                                                                                                                                                           +
                   "Schema": "public",                                                                                                                                                                                    +
                   "Alias": "customer",                                                                                                                                                                                   +
                   "Startup Cost": 0.00,                                                                                                                                                                                  +
                   "Total Cost": 226.12,                                                                                                                                                                                  +
                   "Plan Rows": 52,                                                                                                                                                                                       +
                   "Plan Width": 26,                                                                                                                                                                                      +
                   "Output": ["customer.c_custkey", "customer.c_name", "customer.c_address", "customer.c_nationkey", "customer.c_phone", "customer.c_acctbal", "customer.c_mktsegment", "customer.c_comment"],            +
                   "Filter": "((customer.c_acctbal > $0) AND (SUBSTRING(customer.c_phone FROM 1 FOR 2) = ANY ('{20,40,22,30,39,42,21}'::text[])))"                                                                        +
                 },                                                                                                                                                                                                       +
                 {                                                                                                                                                                                                        +
                   "Node Type": "Hash",                                                                                                                                                                                   +
                   "Parent Relationship": "Inner",                                                                                                                                                                        +
                   "Parallel Aware": false,                                                                                                                                                                               +
                   "Async Capable": false,                                                                                                                                                                                +
                   "Startup Cost": 1234.00,                                                                                                                                                                               +
                   "Total Cost": 1234.00,                                                                                                                                                                                 +
                   "Plan Rows": 45000,                                                                                                                                                                                    +
                   "Plan Width": 4,                                                                                                                                                                                       +
                   "Output": ["orders.o_custkey"],                                                                                                                                                                        +
                   "Plans": [                                                                                                                                                                                             +
                     {                                                                                                                                                                                                    +
                       "Node Type": "Seq Scan",                                                                                                                                                                           +
                       "Parent Relationship": "Outer",                                                                                                                                                                    +
                       "Parallel Aware": false,                                                                                                                                                                           +
                       "Async Capable": false,                                                                                                                                                                            +
                       "Relation Name": "orders",                                                                                                                                                                         +
                       "Schema": "public",                                                                                                                                                                                +
                       "Alias": "orders",                                                                                                                                                                                 +
                       "Startup Cost": 0.00,                                                                                                                                                                              +
                       "Total Cost": 1234.00,                                                                                                                                                                             +
                       "Plan Rows": 45000,                                                                                                                                                                                +
                       "Plan Width": 4,                                                                                                                                                                                   +
                       "Output": ["orders.o_custkey"]                                                                                                                                                                     +
                     }                                                                                                                                                                                                    +
                   ]                                                                                                                                                                                                      +
                 }                                                                                                                                                                                                        +
               ]                                                                                                                                                                                                          +
             }                                                                                                                                                                                                            +
           ]                                                                                                                                                                                                              +
         }                                                                                                                                                                                                                +
       ]                                                                                                                                                                                                                  +
     },                                                                                                                                                                                                                   +
     "Planning Time": 0.643                                                                                                                                                                                               +
   }                                                                                                                                                                                                                      +
 ]
(1 row)

