                                                                                                              QUERY PLAN                                                                                                              
--------------------------------------------------------------------------------------------------------------------------------------------------------------------------------------------------------------------------------------
 [                                                                                                                                                                                                                                   +
   {                                                                                                                                                                                                                                 +
     "Plan": {                                                                                                                                                                                                                       +
       "Node Type": "Aggregate",                                                                                                                                                                                                     +
       "Strategy": "Sorted",                                                                                                                                                                                                         +
       "Partial Mode": "Simple",                                                                                                                                                                                                     +
       "Parallel Aware": false,                                                                                                                                                                                                      +
       "Async Capable": false,                                                                                                                                                                                                       +
       "Startup Cost": 7989.10,                                                                                                                                                                                                      +
       "Total Cost": 7999.26,                                                                                                                                                                                                        +
       "Plan Rows": 5,                                                                                                                                                                                                               +
       "Plan Width": 24,                                                                                                                                                                                                             +
       "Output": ["orders.o_orderpriority", "count(*)"],                                                                                                                                                                             +
       "Group Key": ["orders.o_orderpriority"],                                                                                                                                                                                      +
       "Plans": [                                                                                                                                                                                                                    +
         {                                                                                                                                                                                                                           +
           "Node Type": "Sort",                                                                                                                                                                                                      +
           "Parent Relationship": "Outer",                                                                                                                                                                                           +
           "Parallel Aware": false,                                                                                                                                                                                                  +
           "Async Capable": false,                                                                                                                                                                                                   +
           "Startup Cost": 7989.10,                                                                                                                                                                                                  +
           "Total Cost": 7992.47,                                                                                                                                                                                                    +
           "Plan Rows": 1347,                                                                                                                                                                                                        +
           "Plan Width": 16,                                                                                                                                                                                                         +
           "Output": ["orders.o_orderpriority"],                                                                                                                                                                                     +
           "Sort Key": ["orders.o_orderpriority"],                                                                                                                                                                                   +
           "Plans": [                                                                                                                                                                                                                +
             {                                                                                                                                                                                                                       +
               "Node Type": "Hash Join",                                                                                                                                                                                             +
               "Parent Relationship": "Outer",                                                                                                                                                                                       +
               "Parallel Aware": false,                                                                                                                                                                                              +
               "Async Capable": false,                                                                                                                                                                                               +
               "Join Type": "Semi",                                                                                                                                                                                                  +
               "Startup Cost": 6395.44,                                                                                                                                                                                              +
               "Total Cost": 7919.09,                                                                                                                                                                                                +
               "Plan Rows": 1347,                                                                                                                                                                                                    +
               "Plan Width": 16,                                                                                                                                                                                                     +
               "Output": ["orders.o_orderpriority"],                                                                                                                                                                                 +
               "Inner Unique": false,                                                                                                                                                                                                +
               "Hash Cond": "(orders.o_orderkey = lineitem.l_orderkey)",                                                                                                                                                             +
               "Plans": [                                                                                                                                                                                                            +
                 {                                                                                                                                                                                                                   +
                   "Node Type": "Seq Scan",                                                                                                                                                                                          +
                   "Parent Relationship": "Outer",                                                                                                                                                                                   +
                   "Parallel Aware": false,                                                                                                                                                                                          +
                   "Async Capable": false,                                                                                                                                                                                           +
                   "Relation Name": "orders",                                                                                                                                                                                        +
                   "Schema": "public",                                                                                                                                                                                               +
                   "Alias": "orders",                                                                                                                                                                                                +
                   "Startup Cost": 0.00,                                                                                                                                                                                             +
                   "Total Cost": 1459.00,                                                                                                                                                                                            +
                   "Plan Rows": 1602,                                                                                                                                                                                                +
                   "Plan Width": 20,                                                                                                                                                                                                 +
                   "Output": ["orders.o_orderkey", "orders.o_custkey", "orders.o_orderstatus", "orders.o_totalprice", "orders.o_orderdate", "orders.o_orderpriority", "orders.o_clerk", "orders.o_shippriority", "orders.o_comment"],+
                   "Filter": "((orders.o_orderdate >= '1995-01-01'::date) AND (orders.o_orderdate < '1995-04-01 00:00:00'::timestamp without time zone))"                                                                            +
                 },                                                                                                                                                                                                                  +
                 {                                                                                                                                                                                                                   +
                   "Node Type": "Hash",                                                                                                                                                                                              +
                   "Parent Relationship": "Inner",                                                                                                                                                                                   +
                   "Parallel Aware": false,                                                                                                                                                                                          +
                   "Async Capable": false,                                                                                                                                                                                           +
                   "Startup Cost": 5643.08,                                                                                                                                                                                          +
                   "Total Cost": 5643.08,                                                                                                                                                                                            +
                   "Plan Rows": 60189,                                                                                                                                                                                               +
                   "Plan Width": 4,                                                                                                                                                                                                  +
                   "Output": ["lineitem.l_orderkey"],                                                                                                                                                                                +
                   "Plans": [                                                                                                                                                                                                        +
                     {                                                                                                                                                                                                               +
                       "Node Type": "Seq Scan",                                                                                                                                                                                      +
                       "Parent Relationship": "Outer",                                                                                                                                                                               +
                       "Parallel Aware": false,                                                                                                                                                                                      +
                       "Async Capable": false,                                                                                                                                                                                       +
                       "Relation Name": "lineitem",                                                                                                                                                                                  +
                       "Schema": "public",                                                                                                                                                                                           +
                       "Alias": "lineitem",                                                                                                                                                                                          +
                       "Startup Cost": 0.00,                                                                                                                                                                                         +
                       "Total Cost": 5643.08,                                                                                                                                                                                        +
                       "Plan Rows": 60189,                                                                                                                                                                                           +
                       "Plan Width": 4,                                                                                                                                                                                              +
                       "Output": ["lineitem.l_orderkey"],                                                                                                                                                                            +
                       "Filter": "(lineitem.l_commitdate < lineitem.l_receiptdate)"                                                                                                                                                  +
                     }                                                                                                                                                                                                               +
                   ]                                                                                                                                                                                                                 +
                 }                                                                                                                                                                                                                   +
               ]                                                                                                                                                                                                                     +
             }                                                                                                                                                                                                                       +
           ]                                                                                                                                                                                                                         +
         }                                                                                                                                                                                                                           +
       ]                                                                                                                                                                                                                             +
     },                                                                                                                                                                                                                              +
     "Planning Time": 1.224                                                                                                                                                                                                          +
   }                                                                                                                                                                                                                                 +
 ]
(1 row)

