                                                                                                                                QUERY PLAN                                                                                                                                 
---------------------------------------------------------------------------------------------------------------------------------------------------------------------------------------------------------------------------------------------------------------------------
 [                                                                                                                                                                                                                                                                        +
   {                                                                                                                                                                                                                                                                      +
     "Plan": {                                                                                                                                                                                                                                                            +
       "Node Type": "Aggregate",                                                                                                                                                                                                                                          +
       "Strategy": "Plain",                                                                                                                                                                                                                                               +
       "Partial Mode": "Finalize",                                                                                                                                                                                                                                        +
       "Parallel Aware": false,                                                                                                                                                                                                                                           +
       "Async Capable": false,                                                                                                                                                                                                                                            +
       "Startup Cost": 6086.22,                                                                                                                                                                                                                                           +
       "Total Cost": 6086.23,                                                                                                                                                                                                                                             +
       "Plan Rows": 1,                                                                                                                                                                                                                                                    +
       "Plan Width": 32,                                                                                                                                                                                                                                                  +
       "Output": ["sum((l_extendedprice * l_discount))"],                                                                                                                                                                                                                 +
       "Plans": [                                                                                                                                                                                                                                                         +
         {                                                                                                                                                                                                                                                                +
           "Node Type": "Gather",                                                                                                                                                                                                                                         +
           "Parent Relationship": "Outer",                                                                                                                                                                                                                                +
           "Parallel Aware": false,                                                                                                                                                                                                                                       +
           "Async Capable": false,                                                                                                                                                                                                                                        +
           "Startup Cost": 6086.00,                                                                                                                                                                                                                                       +
           "Total Cost": 6086.21,                                                                                                                                                                                                                                         +
           "Plan Rows": 2,                                                                                                                                                                                                                                                +
           "Plan Width": 32,                                                                                                                                                                                                                                              +
           "Output": ["(PARTIAL sum((l_extendedprice * l_discount)))"],                                                                                                                                                                                                   +
           "Workers Planned": 2,                                                                                                                                                                                                                                          +
           "Single Copy": false,                                                                                                                                                                                                                                          +
           "Plans": [                                                                                                                                                                                                                                                     +
             {                                                                                                                                                                                                                                                            +
               "Node Type": "Aggregate",                                                                                                                                                                                                                                  +
               "Strategy": "Plain",                                                                                                                                                                                                                                       +
               "Partial Mode": "Partial",                                                                                                                                                                                                                                 +
               "Parent Relationship": "Outer",                                                                                                                                                                                                                            +
               "Parallel Aware": false,                                                                                                                                                                                                                                   +
               "Async Capable": false,                                                                                                                                                                                                                                    +
               "Startup Cost": 5086.00,                                                                                                                                                                                                                                   +
               "Total Cost": 5086.01,                                                                                                                                                                                                                                     +
               "Plan Rows": 1,                                                                                                                                                                                                                                            +
               "Plan Width": 32,                                                                                                                                                                                                                                          +
               "Output": ["PARTIAL sum((l_extendedprice * l_discount))"],                                                                                                                                                                                                 +
               "Plans": [                                                                                                                                                                                                                                                 +
                 {                                                                                                                                                                                                                                                        +
                   "Node Type": "Seq Scan",                                                                                                                                                                                                                               +
                   "Parent Relationship": "Outer",                                                                                                                                                                                                                        +
                   "Parallel Aware": true,                                                                                                                                                                                                                                +
                   "Async Capable": false,                                                                                                                                                                                                                                +
                   "Relation Name": "lineitem",                                                                                                                                                                                                                           +
                   "Schema": "public",                                                                                                                                                                                                                                    +
                   "Alias": "lineitem",                                                                                                                                                                                                                                   +
                   "Startup Cost": 0.00,                                                                                                                                                                                                                                  +
                   "Total Cost": 5078.81,                                                                                                                                                                                                                                 +
                   "Plan Rows": 1438,                                                                                                                                                                                                                                     +
                   "Plan Width": 12,                                                                                                                                                                                                                                      +
                   "Output": ["l_orderkey", "l_partkey", "l_suppkey", "l_linenumber", "l_quantity", "l_extendedprice", "l_discount", "l_tax", "l_returnflag", "l_linestatus", "l_shipdate", "l_commitdate", "l_receiptdate", "l_shipinstruct", "l_shipmode", "l_comment"],+
                   "Filter": "((lineitem.l_shipdate >= '1994-01-01'::date) AND (lineitem.l_shipdate < '1995-01-01 00:00:00'::timestamp without time zone) AND (lineitem.l_discount >= 0.05) AND (lineitem.l_discount <= 0.07) AND (lineitem.l_quantity < '24'::numeric))" +
                 }                                                                                                                                                                                                                                                        +
               ]                                                                                                                                                                                                                                                          +
             }                                                                                                                                                                                                                                                            +
           ]                                                                                                                                                                                                                                                              +
         }                                                                                                                                                                                                                                                                +
       ]                                                                                                                                                                                                                                                                  +
     },                                                                                                                                                                                                                                                                   +
     "Planning Time": 0.464                                                                                                                                                                                                                                               +
   }                                                                                                                                                                                                                                                                      +
 ]
(1 row)

