EXPLAIN
{\n  "query_block": {\n    "select_id": 1,\n    "cost_info": {\n      "query_cost": "20177.55"\n    },\n    "ordering_operation": {\n      "using_filesort": false,\n      "grouping_operation": {\n        "using_temporary_table": true,\n        "using_filesort": true,\n        "cost_info": {\n          "sort_cost": "502.53"\n        },\n        "nested_loop": [\n          {\n            "table": {\n              "table_name": "REGION",\n              "access_type": "ALL",\n              "possible_keys": [\n                "PRIMARY"\n              ],\n              "rows_examined_per_scan": 5,\n              "rows_produced_per_join": 1,\n              "filtered": "20.00",\n              "cost_info": {\n                "read_cost": "1.40",\n                "eval_cost": "0.10",\n                "prefix_cost": "1.50",\n                "data_read_per_join": "720"\n              },\n              "used_columns": [\n                "R_REGIONKEY",\n                "R_NAME"\n              ],\n              "attached_condition": "(`tpch`.`REGION`.`R_NAME` = 'ASIA')"\n            }\n          },\n          {\n            "table": {\n              "table_name": "n1",\n              "access_type": "ref",\n              "possible_keys": [\n                "PRIMARY",\n                "NATION_FK1"\n              ],\n              "key": "NATION_FK1",\n              "used_key_parts": [\n                "N_REGIONKEY"\n              ],\n              "key_length": "4",\n              "ref": [\n                "tpch.REGION.R_REGIONKEY"\n              ],\n              "rows_examined_per_scan": 5,\n              "rows_produced_per_join": 5,\n              "filtered": "100.00",\n              "using_index": true,\n              "cost_info": {\n                "read_cost": "1.00",\n                "eval_cost": "0.50",\n                "prefix_cost": "3.00",\n                "data_read_per_join": "3K"\n              },\n              "used_columns": [\n                "N_NATIONKEY",\n                "N_REGIONKEY"\n              ]\n            }\n          },\n          {\n            "table": {\n              "table_name": "ORDERS",\n              "access_type": "ALL",\n              "possible_keys": [\n                "PRIMARY",\n                "ORDERS_FK1"\n              ],\n              "rows_examined_per_scan": 44704,\n              "rows_produced_per_join": 24833,\n              "filtered": "11.11",\n              "using_join_buffer": "hash join",\n              "cost_info": {\n                "read_cost": "4400.12",\n                "eval_cost": "2483.31",\n                "prefix_cost": "6886.43",\n                "data_read_per_join": "11M"\n              },\n              "used_columns": [\n                "O_ORDERKEY",\n                "O_CUSTKEY",\n                "O_ORDERDATE"\n              ],\n              "attached_condition": "(`tpch`.`ORDERS`.`O_ORDERDATE` between DATE'1995-01-01' and DATE'1996-12-31')"\n            }\n          },\n          {\n            "table": {\n              "table_name": "CUSTOMER",\n              "access_type": "eq_ref",\n              "possible_keys": [\n                "PRIMARY",\n                "CUSTOMER_FK1"\n              ],\n              "key": "PRIMARY",\n              "used_key_parts": [\n                "C_CUSTKEY"\n              ],\n              "key_length": "4",\n              "ref": [\n                "tpch.ORDERS.O_CUSTKEY"\n              ],\n              "rows_examined_per_scan": 1,\n              "rows_produced_per_join": 1241,\n              "filtered": "5.00",\n              "cost_info": {\n                "read_cost": "4966.61",\n                "eval_cost": "124.17",\n                "prefix_cost": "14336.35",\n                "data_read_per_join": "1M"\n              },\n              "used_columns": [\n                "C_CUSTKEY",\n                "C_NATIONKEY"\n              ],\n              "attached_condition": "(`tpch`.`CUSTOMER`.`C_NATIONKEY` = `tpch`.`n1`.`N_NATIONKEY`)"\n            }\n          },\n          {\n            "table": {\n              "table_name": "LINEITEM",\n              "access_type": "ref",\n              "possible_keys": [\n                "PRIMARY",\n                "LINEITEM_FK2"\n              ],\n              "key": "PRIMARY",\n              "used_key_parts": [\n                "L_ORDERKEY"\n              ],\n              "key_length": "4",\n              "ref": [\n                "tpch.ORDERS.O_ORDERKEY"\n              ],\n              "rows_examined_per_scan": 4,\n              "rows_produced_per_join": 5025,\n              "filtered": "100.00",\n              "cost_info": {\n                "read_cost": "313.39",\n                "eval_cost": "502.53",\n                "prefix_cost": "15152.27",\n                "data_read_per_join": "1M"\n              },\n              "used_columns": [\n                "L_ORDERKEY",\n                "L_PARTKEY",\n                "L_SUPPKEY",\n                "L_LINENUMBER",\n                "L_EXTENDEDPRICE",\n                "L_DISCOUNT"\n              ]\n            }\n          },\n          {\n            "table": {\n              "table_name": "SUPPLIER",\n              "access_type": "eq_ref",\n              "possible_keys": [\n                "PRIMARY",\n                "SUPPLIER_FK1"\n              ],\n              "key": "PRIMARY",\n              "used_key_parts": [\n                "S_SUPPKEY"\n              ],\n              "key_length": "4",\n              "ref": [\n                "tpch.LINEITEM.L_SUPPKEY"\n              ],\n              "rows_examined_per_scan": 1,\n              "rows_produced_per_join": 5025,\n              "filtered": "100.00",\n              "cost_info": {\n                "read_cost": "1005.06",\n                "eval_cost": "502.53",\n                "prefix_cost": "16659.85",\n                "data_read_per_join": "3M"\n              },\n              "used_columns": [\n                "S_SUPPKEY",\n                "S_NATIONKEY"\n              ]\n            }\n          },\n          {\n            "table": {\n              "table_name": "n2",\n              "access_type": "eq_ref",\n              "possible_keys": [\n                "PRIMARY"\n              ],\n              "key": "PRIMARY",\n              "used_key_parts": [\n                "N_NATIONKEY"\n              ],\n              "key_length": "4",\n              "ref": [\n                "tpch.SUPPLIER.S_NATIONKEY"\n              ],\n              "rows_examined_per_scan": 1,\n              "rows_produced_per_join": 5025,\n              "filtered": "100.00",\n              "cost_info": {\n                "read_cost": "1005.06",\n                "eval_cost": "502.53",\n                "prefix_cost": "18167.44",\n                "data_read_per_join": "3M"\n              },\n              "used_columns": [\n                "N_NATIONKEY",\n                "N_NAME"\n              ]\n            }\n          },\n          {\n            "table": {\n              "table_name": "PART",\n              "access_type": "eq_ref",\n              "possible_keys": [\n                "PRIMARY"\n              ],\n              "key": "PRIMARY",\n              "used_key_parts": [\n                "P_PARTKEY"\n              ],\n              "key_length": "4",\n              "ref": [\n                "tpch.LINEITEM.L_PARTKEY"\n              ],\n              "rows_examined_per_scan": 1,\n              "rows_produced_per_join": 502,\n              "filtered": "10.00",\n              "cost_info": {\n                "read_cost": "1005.06",\n                "eval_cost": "50.25",\n                "prefix_cost": "19675.02",\n                "data_read_per_join": "302K"\n              },\n              "used_columns": [\n                "P_PARTKEY",\n                "P_TYPE"\n              ],\n              "attached_condition": "(`tpch`.`PART`.`P_TYPE` = 'SMALL PLATED COPPER')"\n            }\n          }\n        ]\n      }\n    }\n  }\n}
