EXPLAIN
{\n  "query_block": {\n    "select_id": 1,\n    "cost_info": {\n      "query_cost": "28491.98"\n    },\n    "ordering_operation": {\n      "using_filesort": false,\n      "grouping_operation": {\n        "using_temporary_table": true,\n        "using_filesort": true,\n        "nested_loop": [\n          {\n            "table": {\n              "table_name": "PART",\n              "access_type": "ALL",\n              "possible_keys": [\n                "PRIMARY"\n              ],\n              "rows_examined_per_scan": 5946,\n              "rows_produced_per_join": 660,\n              "filtered": "11.11",\n              "cost_info": {\n                "read_cost": "625.54",\n                "eval_cost": "66.06",\n                "prefix_cost": "691.60",\n                "data_read_per_join": "397K"\n              },\n              "used_columns": [\n                "P_PARTKEY",\n                "P_NAME"\n              ],\n              "attached_condition": "(`tpch`.`PART`.`P_NAME` like '%dim%')"\n            }\n          },\n          {\n            "table": {\n              "table_name": "PARTSUPP",\n              "access_type": "ref",\n              "possible_keys": [\n                "PRIMARY",\n                "PARTSUPP_FK1"\n              ],\n              "key": "PRIMARY",\n              "used_key_parts": [\n                "PS_PARTKEY"\n              ],\n              "key_length": "4",\n              "ref": [\n                "tpch.PART.P_PARTKEY"\n              ],\n              "rows_examined_per_scan": 3,\n              "rows_produced_per_join": 2556,\n              "filtered": "100.00",\n              "cost_info": {\n                "read_cost": "663.23",\n                "eval_cost": "255.62",\n                "prefix_cost": "1610.46",\n                "data_read_per_join": "2M"\n              },\n              "used_columns": [\n                "PS_PARTKEY",\n                "PS_SUPPKEY",\n                "PS_SUPPLYCOST"\n              ]\n            }\n          },\n          {\n            "table": {\n              "table_name": "NATION",\n              "access_type": "ALL",\n              "possible_keys": [\n                "PRIMARY"\n              ],\n              "rows_examined_per_scan": 25,\n              "rows_produced_per_join": 63905,\n              "filtered": "100.00",\n              "using_join_buffer": "hash join",\n              "cost_info": {\n                "read_cost": "3.34",\n                "eval_cost": "6390.59",\n                "prefix_cost": "8004.39",\n                "data_read_per_join": "43M"\n              },\n              "used_columns": [\n                "N_NATIONKEY",\n                "N_NAME"\n              ]\n            }\n          },\n          {\n            "table": {\n              "table_name": "SUPPLIER",\n              "access_type": "eq_ref",\n              "possible_keys": [\n                "PRIMARY",\n                "SUPPLIER_FK1"\n              ],\n              "key": "PRIMARY",\n              "used_key_parts": [\n                "S_SUPPKEY"\n              ],\n              "key_length": "4",\n              "ref": [\n                "tpch.PARTSUPP.PS_SUPPKEY"\n              ],\n              "rows_examined_per_scan": 1,\n              "rows_produced_per_join": 3195,\n              "filtered": "5.00",\n              "cost_info": {\n                "read_cost": "2556.24",\n                "eval_cost": "319.53",\n                "prefix_cost": "16951.22",\n                "data_read_per_join": "2M"\n              },\n              "used_columns": [\n                "S_SUPPKEY",\n                "S_NATIONKEY"\n              ],\n              "attached_condition": "(`tpch`.`SUPPLIER`.`S_NATIONKEY` = `tpch`.`NATION`.`N_NATIONKEY`)"\n            }\n          },\n          {\n            "table": {\n              "table_name": "LINEITEM",\n              "access_type": "ref",\n              "possible_keys": [\n                "PRIMARY",\n                "LINEITEM_FK2"\n              ],\n              "key": "LINEITEM_FK2",\n              "used_key_parts": [\n                "L_PARTKEY",\n                "L_SUPPKEY"\n              ],\n              "key_length": "8",\n              "ref": [\n                "tpch.PART.P_PARTKEY",\n                "tpch.PARTSUPP.PS_SUPPKEY"\n              ],\n              "rows_examined_per_scan": 7,\n              "rows_produced_per_join": 23552,\n              "filtered": "100.00",\n              "cost_info": {\n                "read_cost": "5888.14",\n                "eval_cost": "2355.26",\n                "prefix_cost": "25194.62",\n                "data_read_per_join": "8M"\n              },\n              "used_columns": [\n                "L_ORDERKEY",\n                "L_PARTKEY",\n                "L_SUPPKEY",\n                "L_LINENUMBER",\n                "L_QUANTITY",\n                "L_EXTENDEDPRICE",\n                "L_DISCOUNT"\n              ]\n            }\n          },\n          {\n            "table": {\n              "table_name": "ORDERS",\n              "access_type": "eq_ref",\n              "possible_keys": [\n                "PRIMARY"\n              ],\n              "key": "PRIMARY",\n              "used_key_parts": [\n                "O_ORDERKEY"\n              ],\n              "key_length": "4",\n              "ref": [\n                "tpch.LINEITEM.L_ORDERKEY"\n              ],\n              "rows_examined_per_scan": 1,\n              "rows_produced_per_join": 23552,\n              "filtered": "100.00",\n              "cost_info": {\n                "read_cost": "942.10",\n                "eval_cost": "2355.26",\n                "prefix_cost": "28491.98",\n                "data_read_per_join": "10M"\n              },\n              "used_columns": [\n                "O_ORDERKEY",\n                "O_ORDERDATE"\n              ]\n            }\n          }\n        ]\n      }\n    }\n  }\n}
